2019-06-20T13:50:31+00:00 CRITICAL Uncaught ArgumentCountError: Too few arguments to function issregister::scheduled_subscription_payment_istripe(), 1 passed in C:\xampp\htdocs\stest\wp-includes\class-wp-hook.php on line 288 and exactly 3 expected in C:\xampp\htdocs\stest\wp-content\plugins\istripe-switch\Iclass-register.php:86
Stack trace:
#0 C:\xampp\htdocs\stest\wp-includes\class-wp-hook.php(288): issregister->scheduled_subscription_payment_istripe('43.00')
#1 C:\xampp\htdocs\stest\wp-includes\class-wp-hook.php(310): WP_Hook->apply_filters('', Array)
#2 C:\xampp\htdocs\stest\wp-includes\plugin.php(465): WP_Hook->do_action(Array)
#3 C:\xampp\htdocs\stest\wp-content\plugins\woocommerce-subscriptions-master\includes\gateways\class-wc-subscriptions-payment-gateways.php(188): do_action('woocommerce_sch...', '43.00', Object(WC_Order))
#4 C:\xampp\htdocs\stest\wp-content\plugins\woocommerce-subscriptions-master\includes\gateways\class-wc-subscriptions-payment-gateways.php(215): WC_Subscriptions_Payment_Gateways::trigger_gateway_renewal_payment_hoo in C:\xampp\htdocs\stest\wp-content\plugins\istripe-switch\Iclass-register.php on line 86

2019-06-20T16:48:18+00:00 CRITICAL Uncaught ArgumentCountError: Too few arguments to function issregister::scheduled_subscription_payment_istripe(), 1 passed in C:\xampp\htdocs\stest\wp-includes\class-wp-hook.php on line 288 and exactly 2 expected in C:\xampp\htdocs\stest\wp-content\plugins\istripe-switch\Iclass-register.php:86
Stack trace:
#0 C:\xampp\htdocs\stest\wp-includes\class-wp-hook.php(288): issregister->scheduled_subscription_payment_istripe('43.00')
#1 C:\xampp\htdocs\stest\wp-includes\class-wp-hook.php(310): WP_Hook->apply_filters('', Array)
#2 C:\xampp\htdocs\stest\wp-includes\plugin.php(465): WP_Hook->do_action(Array)
#3 C:\xampp\htdocs\stest\wp-content\plugins\woocommerce-subscriptions-master\includes\gateways\class-wc-subscriptions-payment-gateways.php(188): do_action('woocommerce_sch...', '43.00', Object(WC_Order))
#4 C:\xampp\htdocs\stest\wp-content\plugins\woocommerce-subscriptions-master\includes\gateways\class-wc-subscriptions-payment-gateways.php(215): WC_Subscriptions_Payment_Gateways::trigger_gateway_renewal_payment_hoo in C:\xampp\htdocs\stest\wp-content\plugins\istripe-switch\Iclass-register.php on line 86

2019-06-20T16:57:11+00:00 CRITICAL Uncaught Error: Call to undefined function wcs_get_subscription_for_renewal_order() in C:\xampp\htdocs\stest\wp-content\plugins\istripe-switch\Iclass-register.php:91
Stack trace:
#0 C:\xampp\htdocs\stest\wp-includes\class-wp-hook.php(288): issregister->scheduled_subscription_payment_istripe('43.00')
#1 C:\xampp\htdocs\stest\wp-includes\class-wp-hook.php(310): WP_Hook->apply_filters('', Array)
#2 C:\xampp\htdocs\stest\wp-includes\plugin.php(465): WP_Hook->do_action(Array)
#3 C:\xampp\htdocs\stest\wp-content\plugins\woocommerce-subscriptions-master\includes\gateways\class-wc-subscriptions-payment-gateways.php(188): do_action('woocommerce_sch...', '43.00', Object(WC_Order))
#4 C:\xampp\htdocs\stest\wp-content\plugins\woocommerce-subscriptions-master\includes\gateways\class-wc-subscriptions-payment-gateways.php(215): WC_Subscriptions_Payment_Gateways::trigger_gateway_renewal_payment_hook(Object(WC_Order))
#5 C:\xampp\htdocs\stest\wp-includes\class-wp-hook.php(286): WC_Subscriptions_Payment_Gateways::gateway_sched in C:\xampp\htdocs\stest\wp-content\plugins\istripe-switch\Iclass-register.php on line 91

